2010-06-23 06:28:52,769 - Log4JLogChute initialized using file 'velocity.log'
2010-06-23 06:28:52,770 - Starting Apache Velocity v1.6.4 (compiled: 2010-06-23 06:12:48)
2010-06-23 06:28:52,770 - Default Properties File: org/apache/velocity/runtime/defaults/velocity.properties
2010-06-23 06:28:52,770 - Trying to use logger class org.apache.velocity.runtime.log.AvalonLogChute
2010-06-23 06:28:52,772 - Target log system for org.apache.velocity.runtime.log.AvalonLogChute is not available (java.lang.NoClassDefFoundError: org/apache/log/format/Formatter).  Falling back to next log system...
2010-06-23 06:28:52,772 - Trying to use logger class org.apache.velocity.runtime.log.Log4JLogChute
2010-06-23 06:28:52,772 - Using logger class org.apache.velocity.runtime.log.Log4JLogChute
2010-06-23 06:28:52,784 - ResourceLoader instantiated: org.apache.velocity.runtime.resource.loader.FileResourceLoader
2010-06-23 06:28:52,785 - Do unicode file recognition:  false
2010-06-23 06:28:52,786 - FileResourceLoader : adding path '/home/mgreer/devel/templates'
2010-06-23 06:28:52,824 - ResourceCache: initialized (class org.apache.velocity.runtime.resource.ResourceCacheImpl) with class java.util.Collections$SynchronizedMap cache map.
2010-06-23 06:28:52,825 - Loaded System Directive: org.apache.velocity.runtime.directive.Define
2010-06-23 06:28:52,826 - Loaded System Directive: org.apache.velocity.runtime.directive.Break
2010-06-23 06:28:52,828 - Loaded System Directive: org.apache.velocity.runtime.directive.Evaluate
2010-06-23 06:28:52,829 - Loaded System Directive: org.apache.velocity.runtime.directive.Literal
2010-06-23 06:28:52,830 - Loaded System Directive: org.apache.velocity.runtime.directive.Macro
2010-06-23 06:28:52,832 - Loaded System Directive: org.apache.velocity.runtime.directive.Parse
2010-06-23 06:28:52,833 - Loaded System Directive: org.apache.velocity.runtime.directive.Include
2010-06-23 06:28:52,834 - Loaded System Directive: org.apache.velocity.runtime.directive.Foreach
2010-06-23 06:28:52,844 - Velocity was not initialized! Calling init()...
2010-06-23 06:28:52,897 - Velocity was not initialized! Calling init()...
2010-06-23 06:28:52,898 - Velocity was not initialized! Calling init()...
2010-06-23 06:28:52,898 - Velocity was not initialized! Calling init()...
2010-06-23 06:28:52,898 - Velocity was not initialized! Calling init()...
2010-06-23 06:28:52,898 - Velocity was not initialized! Calling init()...
2010-06-23 06:28:52,899 - Velocity was not initialized! Calling init()...
2010-06-23 06:28:52,899 - Velocity was not initialized! Calling init()...
2010-06-23 06:28:52,899 - Velocity was not initialized! Calling init()...
2010-06-23 06:28:52,899 - Velocity was not initialized! Calling init()...
2010-06-23 06:28:52,899 - Velocity was not initialized! Calling init()...
2010-06-23 06:28:52,900 - Velocity was not initialized! Calling init()...
2010-06-23 06:28:52,900 - Velocity was not initialized! Calling init()...
2010-06-23 06:28:52,900 - Velocity was not initialized! Calling init()...
2010-06-23 06:28:52,900 - Velocity was not initialized! Calling init()...
2010-06-23 06:28:52,901 - Velocity was not initialized! Calling init()...
2010-06-23 06:28:52,901 - Velocity was not initialized! Calling init()...
2010-06-23 06:28:52,901 - Velocity was not initialized! Calling init()...
2010-06-23 06:28:52,901 - Velocity was not initialized! Calling init()...
2010-06-23 06:28:52,902 - Velocity was not initialized! Calling init()...
2010-06-23 06:28:52,902 - Created '20' parsers.
2010-06-23 06:28:52,908 - Velocimacro : "velocimacro.library" is not set.  Trying default library: VM_global_library.vm
2010-06-23 06:28:52,909 - Velocity was not initialized! Calling init()...
2010-06-23 06:28:52,909 - Velocimacro : Default library not found.
2010-06-23 06:28:52,909 - Velocimacro : allowInline = true : VMs can be defined inline in templates
2010-06-23 06:28:52,909 - Velocimacro : allowInlineToOverride = false : VMs defined inline may NOT replace previous VM definitions
2010-06-23 06:28:52,909 - Velocimacro : allowInlineLocal = false : VMs defined inline will be global in scope if allowed.
2010-06-23 06:28:52,909 - Velocimacro : autoload off : VM system will not automatically reload global library macros
2010-06-23 06:28:52,938 - ResourceManager : found /listEndDates.vm with loader org.apache.velocity.runtime.resource.loader.FileResourceLoader
2010-06-23 06:28:52,952 - ResourceManager : found /listStartDates.vm with loader org.apache.velocity.runtime.resource.loader.FileResourceLoader
2010-06-23 06:28:52,960 - ResourceManager : found /listAddress.vm with loader org.apache.velocity.runtime.resource.loader.FileResourceLoader
2010-06-23 06:28:52,971 - ResourceManager : found /listPatientMedsVert.vm with loader org.apache.velocity.runtime.resource.loader.FileResourceLoader
2010-06-23 06:28:52,978 - ResourceManager : found /listSearchPatientsSelect.vm with loader org.apache.velocity.runtime.resource.loader.FileResourceLoader
2010-06-23 06:28:52,986 - ResourceManager : found /listImages.vm with loader org.apache.velocity.runtime.resource.loader.FileResourceLoader
2010-06-23 06:28:52,994 - ResourceManager : found /listProblemList.vm with loader org.apache.velocity.runtime.resource.loader.FileResourceLoader
2010-06-23 06:28:53,006 - ResourceManager : found /listProblemListTable.vm with loader org.apache.velocity.runtime.resource.loader.FileResourceLoader
2010-06-23 06:28:53,018 - ResourceManager : found /listHistoryTemplate.vm with loader org.apache.velocity.runtime.resource.loader.FileResourceLoader
2010-06-23 06:28:53,033 - ResourceManager : found /listWidgets.vm with loader org.apache.velocity.runtime.resource.loader.FileResourceLoader
2010-06-23 06:28:53,037 - ResourceManager : found /listPatientsTable.vm with loader org.apache.velocity.runtime.resource.loader.FileResourceLoader
2010-06-23 06:28:53,075 - ResourceManager : found /listPatientTable.vm with loader org.apache.velocity.runtime.resource.loader.FileResourceLoader
2010-06-23 06:28:53,148 - ResourceManager : found /listPatientMeds.vm with loader org.apache.velocity.runtime.resource.loader.FileResourceLoader
2010-06-23 06:28:53,156 - ResourceManager : found /listRepositorySelect.vm with loader org.apache.velocity.runtime.resource.loader.FileResourceLoader
2010-06-23 06:28:53,161 - ResourceManager : found /listPatientAllergies.vm with loader org.apache.velocity.runtime.resource.loader.FileResourceLoader
2010-06-23 06:28:53,177 - ResourceManager : found /listPatientHistoryTable.vm with loader org.apache.velocity.runtime.resource.loader.FileResourceLoader
2010-06-23 06:28:53,187 - ResourceManager : found /listDates.vm with loader org.apache.velocity.runtime.resource.loader.FileResourceLoader
2010-06-23 06:28:53,354 - ResourceManager : found /listInsertStatements.vm with loader org.apache.velocity.runtime.resource.loader.FileResourceLoader
2010-06-23 06:28:53,366 - ResourceManager : found /listPatientsBookmarksTable.vm with loader org.apache.velocity.runtime.resource.loader.FileResourceLoader
2010-06-23 06:28:53,380 - ResourceManager : found /announcements.vm with loader org.apache.velocity.runtime.resource.loader.FileResourceLoader
2010-06-23 06:28:53,386 - ResourceManager : found /listPatientHistory.vm with loader org.apache.velocity.runtime.resource.loader.FileResourceLoader
2010-06-23 06:29:39,984 - Log4JLogChute initialized using file 'velocity.log'
2010-06-23 06:29:39,985 - Starting Apache Velocity v1.6.4 (compiled: 2010-06-23 06:12:48)
2010-06-23 06:29:39,985 - Default Properties File: org/apache/velocity/runtime/defaults/velocity.properties
2010-06-23 06:29:39,986 - Trying to use logger class org.apache.velocity.runtime.log.AvalonLogChute
2010-06-23 06:29:39,986 - Target log system for org.apache.velocity.runtime.log.AvalonLogChute is not available (java.lang.NoClassDefFoundError: org/apache/log/format/Formatter).  Falling back to next log system...
2010-06-23 06:29:39,986 - Trying to use logger class org.apache.velocity.runtime.log.Log4JLogChute
2010-06-23 06:29:39,986 - Using logger class org.apache.velocity.runtime.log.Log4JLogChute
2010-06-23 06:29:39,991 - ResourceLoader instantiated: org.apache.velocity.runtime.resource.loader.FileResourceLoader
2010-06-23 06:29:39,993 - Do unicode file recognition:  false
2010-06-23 06:29:39,993 - FileResourceLoader : adding path '/home/mgreer/devel/templates'
2010-06-23 06:29:40,009 - ResourceCache: initialized (class org.apache.velocity.runtime.resource.ResourceCacheImpl) with class java.util.Collections$SynchronizedMap cache map.
2010-06-23 06:29:40,010 - Loaded System Directive: org.apache.velocity.runtime.directive.Define
2010-06-23 06:29:40,011 - Loaded System Directive: org.apache.velocity.runtime.directive.Break
2010-06-23 06:29:40,012 - Loaded System Directive: org.apache.velocity.runtime.directive.Evaluate
2010-06-23 06:29:40,013 - Loaded System Directive: org.apache.velocity.runtime.directive.Literal
2010-06-23 06:29:40,014 - Loaded System Directive: org.apache.velocity.runtime.directive.Macro
2010-06-23 06:29:40,015 - Loaded System Directive: org.apache.velocity.runtime.directive.Parse
2010-06-23 06:29:40,017 - Loaded System Directive: org.apache.velocity.runtime.directive.Include
2010-06-23 06:29:40,018 - Loaded System Directive: org.apache.velocity.runtime.directive.Foreach
2010-06-23 06:29:40,021 - Velocity was not initialized! Calling init()...
2010-06-23 06:29:40,054 - Velocity was not initialized! Calling init()...
2010-06-23 06:29:40,054 - Velocity was not initialized! Calling init()...
2010-06-23 06:29:40,055 - Velocity was not initialized! Calling init()...
2010-06-23 06:29:40,055 - Velocity was not initialized! Calling init()...
2010-06-23 06:29:40,055 - Velocity was not initialized! Calling init()...
2010-06-23 06:29:40,055 - Velocity was not initialized! Calling init()...
2010-06-23 06:29:40,056 - Velocity was not initialized! Calling init()...
2010-06-23 06:29:40,056 - Velocity was not initialized! Calling init()...
2010-06-23 06:29:40,056 - Velocity was not initialized! Calling init()...
2010-06-23 06:29:40,056 - Velocity was not initialized! Calling init()...
2010-06-23 06:29:40,057 - Velocity was not initialized! Calling init()...
2010-06-23 06:29:40,057 - Velocity was not initialized! Calling init()...
2010-06-23 06:29:40,057 - Velocity was not initialized! Calling init()...
2010-06-23 06:29:40,057 - Velocity was not initialized! Calling init()...
2010-06-23 06:29:40,058 - Velocity was not initialized! Calling init()...
2010-06-23 06:29:40,058 - Velocity was not initialized! Calling init()...
2010-06-23 06:29:40,058 - Velocity was not initialized! Calling init()...
2010-06-23 06:29:40,058 - Velocity was not initialized! Calling init()...
2010-06-23 06:29:40,058 - Velocity was not initialized! Calling init()...
2010-06-23 06:29:40,059 - Created '20' parsers.
2010-06-23 06:29:40,065 - Velocimacro : "velocimacro.library" is not set.  Trying default library: VM_global_library.vm
2010-06-23 06:29:40,065 - Velocity was not initialized! Calling init()...
2010-06-23 06:29:40,066 - Velocimacro : Default library not found.
2010-06-23 06:29:40,066 - Velocimacro : allowInline = true : VMs can be defined inline in templates
2010-06-23 06:29:40,066 - Velocimacro : allowInlineToOverride = false : VMs defined inline may NOT replace previous VM definitions
2010-06-23 06:29:40,066 - Velocimacro : allowInlineLocal = false : VMs defined inline will be global in scope if allowed.
2010-06-23 06:29:40,066 - Velocimacro : autoload off : VM system will not automatically reload global library macros
2010-06-23 06:29:40,098 - ResourceManager : found /listEndDates.vm with loader org.apache.velocity.runtime.resource.loader.FileResourceLoader
2010-06-23 06:29:40,112 - ResourceManager : found /listStartDates.vm with loader org.apache.velocity.runtime.resource.loader.FileResourceLoader
2010-06-23 06:29:40,120 - ResourceManager : found /listAddress.vm with loader org.apache.velocity.runtime.resource.loader.FileResourceLoader
2010-06-23 06:29:40,131 - ResourceManager : found /listPatientMedsVert.vm with loader org.apache.velocity.runtime.resource.loader.FileResourceLoader
2010-06-23 06:29:40,139 - ResourceManager : found /listSearchPatientsSelect.vm with loader org.apache.velocity.runtime.resource.loader.FileResourceLoader
2010-06-23 06:29:40,147 - ResourceManager : found /listImages.vm with loader org.apache.velocity.runtime.resource.loader.FileResourceLoader
2010-06-23 06:29:40,155 - ResourceManager : found /listProblemList.vm with loader org.apache.velocity.runtime.resource.loader.FileResourceLoader
2010-06-23 06:29:40,167 - ResourceManager : found /listProblemListTable.vm with loader org.apache.velocity.runtime.resource.loader.FileResourceLoader
2010-06-23 06:29:40,175 - ResourceManager : found /listHistoryTemplate.vm with loader org.apache.velocity.runtime.resource.loader.FileResourceLoader
2010-06-23 06:29:40,182 - ResourceManager : found /listWidgets.vm with loader org.apache.velocity.runtime.resource.loader.FileResourceLoader
2010-06-23 06:29:40,186 - ResourceManager : found /listPatientsTable.vm with loader org.apache.velocity.runtime.resource.loader.FileResourceLoader
2010-06-23 06:29:40,219 - ResourceManager : found /listPatientTable.vm with loader org.apache.velocity.runtime.resource.loader.FileResourceLoader
2010-06-23 06:29:40,313 - ResourceManager : found /listPatientMeds.vm with loader org.apache.velocity.runtime.resource.loader.FileResourceLoader
2010-06-23 06:29:40,318 - ResourceManager : found /listRepositorySelect.vm with loader org.apache.velocity.runtime.resource.loader.FileResourceLoader
2010-06-23 06:29:40,323 - ResourceManager : found /listPatientAllergies.vm with loader org.apache.velocity.runtime.resource.loader.FileResourceLoader
2010-06-23 06:29:40,333 - ResourceManager : found /listPatientHistoryTable.vm with loader org.apache.velocity.runtime.resource.loader.FileResourceLoader
2010-06-23 06:29:40,346 - ResourceManager : found /listDates.vm with loader org.apache.velocity.runtime.resource.loader.FileResourceLoader
2010-06-23 06:29:40,361 - ResourceManager : found /listInsertStatements.vm with loader org.apache.velocity.runtime.resource.loader.FileResourceLoader
2010-06-23 06:29:40,370 - ResourceManager : found /listPatientsBookmarksTable.vm with loader org.apache.velocity.runtime.resource.loader.FileResourceLoader
2010-06-23 06:29:40,382 - ResourceManager : found /announcements.vm with loader org.apache.velocity.runtime.resource.loader.FileResourceLoader
2010-06-23 06:29:40,385 - ResourceManager : found /listPatientHistory.vm with loader org.apache.velocity.runtime.resource.loader.FileResourceLoader
2010-06-23 06:34:20,798 - Log4JLogChute initialized using file 'velocity.log'
2010-06-23 06:34:20,799 - Starting Apache Velocity v1.6.4 (compiled: 2010-06-23 06:12:48)
2010-06-23 06:34:20,799 - Default Properties File: org/apache/velocity/runtime/defaults/velocity.properties
2010-06-23 06:34:20,799 - Trying to use logger class org.apache.velocity.runtime.log.AvalonLogChute
2010-06-23 06:34:20,799 - Target log system for org.apache.velocity.runtime.log.AvalonLogChute is not available (java.lang.NoClassDefFoundError: org/apache/log/format/Formatter).  Falling back to next log system...
2010-06-23 06:34:20,799 - Trying to use logger class org.apache.velocity.runtime.log.Log4JLogChute
2010-06-23 06:34:20,799 - Using logger class org.apache.velocity.runtime.log.Log4JLogChute
2010-06-23 06:34:20,805 - ResourceLoader instantiated: org.apache.velocity.runtime.resource.loader.FileResourceLoader
2010-06-23 06:34:20,806 - Do unicode file recognition:  false
2010-06-23 06:34:20,806 - FileResourceLoader : adding path '/home/mgreer/devel/templates'
2010-06-23 06:34:20,821 - ResourceCache: initialized (class org.apache.velocity.runtime.resource.ResourceCacheImpl) with class java.util.Collections$SynchronizedMap cache map.
2010-06-23 06:34:20,822 - Loaded System Directive: org.apache.velocity.runtime.directive.Define
2010-06-23 06:34:20,823 - Loaded System Directive: org.apache.velocity.runtime.directive.Break
2010-06-23 06:34:20,824 - Loaded System Directive: org.apache.velocity.runtime.directive.Evaluate
2010-06-23 06:34:20,825 - Loaded System Directive: org.apache.velocity.runtime.directive.Literal
2010-06-23 06:34:20,826 - Loaded System Directive: org.apache.velocity.runtime.directive.Macro
2010-06-23 06:34:20,827 - Loaded System Directive: org.apache.velocity.runtime.directive.Parse
2010-06-23 06:34:20,829 - Loaded System Directive: org.apache.velocity.runtime.directive.Include
2010-06-23 06:34:20,830 - Loaded System Directive: org.apache.velocity.runtime.directive.Foreach
2010-06-23 06:34:20,833 - Velocity was not initialized! Calling init()...
2010-06-23 06:34:20,861 - Velocity was not initialized! Calling init()...
2010-06-23 06:34:20,861 - Velocity was not initialized! Calling init()...
2010-06-23 06:34:20,861 - Velocity was not initialized! Calling init()...
2010-06-23 06:34:20,861 - Velocity was not initialized! Calling init()...
2010-06-23 06:34:20,862 - Velocity was not initialized! Calling init()...
2010-06-23 06:34:20,862 - Velocity was not initialized! Calling init()...
2010-06-23 06:34:20,862 - Velocity was not initialized! Calling init()...
2010-06-23 06:34:20,862 - Velocity was not initialized! Calling init()...
2010-06-23 06:34:20,863 - Velocity was not initialized! Calling init()...
2010-06-23 06:34:20,863 - Velocity was not initialized! Calling init()...
2010-06-23 06:34:20,863 - Velocity was not initialized! Calling init()...
2010-06-23 06:34:20,863 - Velocity was not initialized! Calling init()...
2010-06-23 06:34:20,863 - Velocity was not initialized! Calling init()...
2010-06-23 06:34:20,864 - Velocity was not initialized! Calling init()...
2010-06-23 06:34:20,864 - Velocity was not initialized! Calling init()...
2010-06-23 06:34:20,864 - Velocity was not initialized! Calling init()...
2010-06-23 06:34:20,864 - Velocity was not initialized! Calling init()...
2010-06-23 06:34:20,865 - Velocity was not initialized! Calling init()...
2010-06-23 06:34:20,865 - Velocity was not initialized! Calling init()...
2010-06-23 06:34:20,865 - Created '20' parsers.
2010-06-23 06:34:20,871 - Velocimacro : "velocimacro.library" is not set.  Trying default library: VM_global_library.vm
2010-06-23 06:34:20,871 - Velocity was not initialized! Calling init()...
2010-06-23 06:34:20,872 - Velocimacro : Default library not found.
2010-06-23 06:34:20,872 - Velocimacro : allowInline = true : VMs can be defined inline in templates
2010-06-23 06:34:20,872 - Velocimacro : allowInlineToOverride = false : VMs defined inline may NOT replace previous VM definitions
2010-06-23 06:34:20,872 - Velocimacro : allowInlineLocal = false : VMs defined inline will be global in scope if allowed.
2010-06-23 06:34:20,872 - Velocimacro : autoload off : VM system will not automatically reload global library macros
2010-06-23 06:34:20,900 - ResourceManager : found /listEndDates.vm with loader org.apache.velocity.runtime.resource.loader.FileResourceLoader
2010-06-23 06:34:20,913 - ResourceManager : found /listStartDates.vm with loader org.apache.velocity.runtime.resource.loader.FileResourceLoader
2010-06-23 06:34:20,921 - ResourceManager : found /listAddress.vm with loader org.apache.velocity.runtime.resource.loader.FileResourceLoader
2010-06-23 06:34:20,932 - ResourceManager : found /listPatientMedsVert.vm with loader org.apache.velocity.runtime.resource.loader.FileResourceLoader
2010-06-23 06:34:20,940 - ResourceManager : found /listSearchPatientsSelect.vm with loader org.apache.velocity.runtime.resource.loader.FileResourceLoader
2010-06-23 06:34:20,947 - ResourceManager : found /listImages.vm with loader org.apache.velocity.runtime.resource.loader.FileResourceLoader
2010-06-23 06:34:20,955 - ResourceManager : found /listProblemList.vm with loader org.apache.velocity.runtime.resource.loader.FileResourceLoader
2010-06-23 06:34:20,966 - ResourceManager : found /listProblemListTable.vm with loader org.apache.velocity.runtime.resource.loader.FileResourceLoader
2010-06-23 06:34:20,976 - ResourceManager : found /listHistoryTemplate.vm with loader org.apache.velocity.runtime.resource.loader.FileResourceLoader
2010-06-23 06:34:20,983 - ResourceManager : found /listWidgets.vm with loader org.apache.velocity.runtime.resource.loader.FileResourceLoader
2010-06-23 06:34:20,987 - ResourceManager : found /listPatientsTable.vm with loader org.apache.velocity.runtime.resource.loader.FileResourceLoader
2010-06-23 06:34:21,029 - ResourceManager : found /listPatientTable.vm with loader org.apache.velocity.runtime.resource.loader.FileResourceLoader
2010-06-23 06:34:21,078 - ResourceManager : found /listPatientMeds.vm with loader org.apache.velocity.runtime.resource.loader.FileResourceLoader
2010-06-23 06:34:21,083 - ResourceManager : found /listRepositorySelect.vm with loader org.apache.velocity.runtime.resource.loader.FileResourceLoader
2010-06-23 06:34:21,088 - ResourceManager : found /listPatientAllergies.vm with loader org.apache.velocity.runtime.resource.loader.FileResourceLoader
2010-06-23 06:34:21,101 - ResourceManager : found /listPatientHistoryTable.vm with loader org.apache.velocity.runtime.resource.loader.FileResourceLoader
2010-06-23 06:34:21,118 - ResourceManager : found /listDates.vm with loader org.apache.velocity.runtime.resource.loader.FileResourceLoader
2010-06-23 06:34:21,132 - ResourceManager : found /listInsertStatements.vm with loader org.apache.velocity.runtime.resource.loader.FileResourceLoader
2010-06-23 06:34:21,139 - ResourceManager : found /listPatientsBookmarksTable.vm with loader org.apache.velocity.runtime.resource.loader.FileResourceLoader
2010-06-23 06:34:21,156 - ResourceManager : found /announcements.vm with loader org.apache.velocity.runtime.resource.loader.FileResourceLoader
2010-06-23 06:34:21,163 - ResourceManager : found /listPatientHistory.vm with loader org.apache.velocity.runtime.resource.loader.FileResourceLoader
